\BOOKMARK [1][-]{section.1}{\376\377\000I\000n\000t\000r\000o\000d\000u\000c\000t\000i\000o\000n}{}% 1
\BOOKMARK [2][-]{subsection.1.1}{\376\377\000R\000e\000g\000i\000o\000n\000s\000\040\000o\000f\000\040\000a\000\040\000T\000o\000k\000a\000m\000a\000k\000\040\000P\000l\000a\000s\000m\000a}{section.1}% 2
\BOOKMARK [1][-]{section.2}{\376\377\000T\000h\000e\000o\000r\000y}{}% 3
\BOOKMARK [2][-]{subsection.2.1}{\376\377\000C\000o\000n\000s\000e\000r\000v\000a\000t\000i\000o\000n\000\040\000o\000f\000\040\000P\000a\000r\000t\000i\000c\000l\000e\000s}{section.2}% 4
\BOOKMARK [2][-]{subsection.2.2}{\376\377\000I\000o\000n\000\040\000O\000r\000b\000i\000t\000\040\000L\000o\000s\000s}{section.2}% 5
\BOOKMARK [3][-]{subsubsection.2.2.1}{\376\377\000C\000u\000m\000u\000l\000a\000t\000i\000v\000e\000\040\000L\000o\000s\000s\000\040\000F\000r\000a\000c\000t\000i\000o\000n}{subsection.2.2}% 6
\BOOKMARK [2][-]{subsection.2.3}{\376\377\000C\000o\000n\000s\000e\000r\000v\000a\000t\000i\000o\000n\000\040\000o\000f\000\040\000M\000o\000m\000e\000n\000t\000u\000m}{section.2}% 7
\BOOKMARK [3][-]{subsubsection.2.3.1}{\376\377\000R\000a\000d\000i\000a\000l}{subsection.2.3}% 8
\BOOKMARK [3][-]{subsubsection.2.3.2}{\376\377\000T\000o\000r\000o\000i\000d\000a\000l}{subsection.2.3}% 9
\BOOKMARK [3][-]{subsubsection.2.3.3}{\376\377\000P\000o\000l\000o\000i\000d\000a\000l}{subsection.2.3}% 10
\BOOKMARK [2][-]{subsection.2.4}{\376\377\000C\000o\000n\000s\000e\000r\000v\000a\000t\000i\000o\000n\000\040\000o\000f\000\040\000E\000n\000e\000r\000g\000y}{section.2}% 11
\BOOKMARK [3][-]{subsubsection.2.4.1}{\376\377\000I\000o\000n\000\040\000R\000a\000d\000i\000a\000l\000\040\000H\000e\000a\000t\000\040\000F\000l\000u\000x}{subsection.2.4}% 12
\BOOKMARK [3][-]{subsubsection.2.4.2}{\376\377\000E\000l\000e\000c\000t\000r\000o\000n\000\040\000R\000a\000d\000i\000a\000l\000\040\000H\000e\000a\000t\000\040\000F\000l\000u\000x}{subsection.2.4}% 13
\BOOKMARK [2][-]{subsection.2.5}{\376\377\000C\000o\000n\000d\000u\000c\000t\000i\000o\000n\000\040\000C\000l\000o\000s\000u\000r\000e\000\040\000E\000q\000u\000a\000t\000i\000o\000n\000s}{section.2}% 14
\BOOKMARK [3][-]{subsubsection.2.5.1}{\376\377\000I\000o\000n\000\040\000C\000o\000n\000d\000u\000c\000t\000i\000o\000n}{subsection.2.5}% 15
\BOOKMARK [3][-]{subsubsection.2.5.2}{\376\377\000E\000l\000e\000c\000t\000r\000o\000n\000\040\000C\000o\000n\000d\000u\000c\000t\000i\000o\000n}{subsection.2.5}% 16
\BOOKMARK [3][-]{subsubsection.2.5.3}{\376\377\000E\000q\000u\000i\000l\000i\000b\000r\000i\000u\000m\000\040\000R\000e\000c\000o\000n\000s\000t\000r\000u\000c\000t\000i\000o\000n}{subsection.2.5}% 17
\BOOKMARK [2][-]{subsection.2.6}{\376\377\000B\000e\000a\000m\000\040\000M\000o\000d\000e\000l\000i\000n\000g}{section.2}% 18
\BOOKMARK [2][-]{subsection.2.7}{\376\377\000I\000o\000n\000i\000z\000a\000t\000i\000o\000n\000\040\000M\000o\000d\000e\000l\000i\000n\000g}{section.2}% 19
\BOOKMARK [2][-]{subsection.2.8}{\376\377\000I\000d\000e\000a\000l\000\040\000G\000a\000s\000\040\000L\000a\000w}{section.2}% 20
\BOOKMARK [2][-]{subsection.2.9}{\376\377\000P\000i\000n\000c\000h\000\040\000D\000i\000f\000f\000u\000s\000i\000o\000n}{section.2}% 21
\BOOKMARK [2][-]{subsection.2.10}{\376\377\000N\000e\000u\000t\000r\000a\000l\000\040\000T\000r\000a\000n\000s\000p\000o\000r\000t}{section.2}% 22
\BOOKMARK [1][-]{section.3}{\376\377\000C\000o\000m\000p\000u\000t\000a\000t\000i\000o\000n\000a\000l\000\040\000M\000o\000d\000e\000l\000i\000n\000g}{}% 23
\BOOKMARK [2][-]{subsection.3.1}{\376\377\000I\000t\000e\000r\000a\000t\000i\000o\000n\000\040\000S\000t\000r\000a\000t\000e\000g\000y}{section.3}% 24
\BOOKMARK [2][-]{subsection.3.2}{\376\377\000S\000o\000l\000v\000e\000r\000\040\000S\000e\000l\000e\000c\000t\000i\000o\000n}{section.3}% 25
\BOOKMARK [1][-]{section.4}{\376\377\000V\000a\000l\000i\000d\000a\000t\000i\000o\000n}{}% 26
\BOOKMARK [2][-]{subsection.4.1}{\376\377\000D\000i\000m\000e\000n\000s\000i\000o\000n\000a\000l\000\040\000A\000n\000a\000l\000y\000s\000i\000s}{section.4}% 27
\BOOKMARK [3][-]{subsubsection.4.1.1}{\376\377\000D\000i\000m\000e\000n\000s\000i\000o\000n\000l\000e\000s\000s\000\040\000G\000r\000o\000u\000p\000s\000\040\000a\000n\000d\000\040\000t\000h\000e\000\040\000B\000u\000c\000k\000i\000n\000g\000h\000a\000m\000\040\000T\000h\000e\000o\000r\000e\000m}{subsection.4.1}% 28
\BOOKMARK [3][-]{subsubsection.4.1.2}{\376\377\000A\000p\000p\000l\000i\000c\000a\000t\000i\000o\000n\000\040\000S\000i\000m\000i\000l\000a\000r\000i\000t\000y}{subsection.4.1}% 29
\BOOKMARK [2][-]{subsection.4.2}{}{section.4}% 30
\BOOKMARK [1][-]{section.5}{\376\377\000T\000i\000m\000e\000l\000i\000n\000e}{}% 31
